<?xml version="1.0" encoding="UTF-8"?>
<!-- Generated by org.testng.reporters.JUnitXMLReporter -->
<testsuite hostname="DESKTOP-44FFRGA" name="Regression Tests" tests="4" failures="0" timestamp="22 Oct 2019 17:27:18 GMT" time="99.118" errors="0">
  <testcase name="FlightBooking" time="35.285" classname="com.regression.testcases.validateHomePage"/>
  <testcase name="FlightBooking" time="30.797" classname="com.regression.testcases.validateHomePage"/>
  <testcase name="FlightBooking" time="30.822" classname="com.regression.testcases.validateHomePage"/>
  <testcase name="validateMakeMyTripPage" time="0.014" classname="com.regression.testcases.validateHomePage">
    <skipped/>
  </testcase> <!-- validateMakeMyTripPage -->
</testsuite> <!-- Regression Tests -->
